<?xml version="1.0" encoding="UTF-8"?>
<!-- Generated by org.testng.reporters.JUnitReportReporter -->
<testsuite hostname="DESKTOP-6SRUE79" failures="0" tests="3" name="com.demo.RestAPIAutomate" time="1.622" errors="0" timestamp="2022-03-24T01:04:56 IST" skipped="0">
  <testcase classname="com.demo.RestAPIAutomate" name="testName" time="1.338"/>
  <system-out/>
  <testcase classname="com.demo.RestAPIAutomate" name="testRelist" time="0.041"/>
  <system-out/>
  <testcase classname="com.demo.RestAPIAutomate" name="testPromotions" time="0.243"/>
  <system-out/>
</testsuite> <!-- com.demo.RestAPIAutomate -->
